{
  "stats": {
    "suites": 2,
    "tests": 12,
    "passes": 12,
    "pending": 0,
    "failures": 0,
    "start": "2021-05-30T22:52:43.695Z",
    "end": "2021-05-30T22:53:43.157Z",
    "duration": 45842,
    "testsRegistered": 12,
    "passPercent": 100,
    "pendingPercent": 0,
    "other": 0,
    "hasOther": false,
    "skipped": 0,
    "hasSkipped": false
  },
  "results": [
    {
      "uuid": "7765729d-f119-4f27-b71b-8b09cce16e33",
      "title": "",
      "fullFile": "cypress\\integration\\University\\UniversityLogin.spec.js",
      "file": "cypress\\integration\\University\\UniversityLogin.spec.js",
      "beforeHooks": [],
      "afterHooks": [],
      "tests": [],
      "suites": [
        {
          "uuid": "82d9aec5-25e8-4ef0-9533-ec7883f3a5b7",
          "title": "Caso de Teste: Realizar o login",
          "fullFile": "",
          "file": "",
          "beforeHooks": [],
          "afterHooks": [],
          "tests": [
            {
              "title": "Cenário: Entrar no site",
              "fullTitle": "Caso de Teste: Realizar o login Cenário: Entrar no site",
              "timedOut": null,
              "duration": 3148,
              "state": "passed",
              "speed": "slow",
              "pass": true,
              "fail": false,
              "pending": false,
              "context": null,
              "code": "cy.visit(\"http://localhost:3000/logon\");\ncy.get(\".logon-title\").should(\"contain.text\", \"Faça seu Logon\");",
              "err": {},
              "uuid": "e8905abe-933b-42bb-9f7b-e24e7c5f37fc",
              "parentUUID": "82d9aec5-25e8-4ef0-9533-ec7883f3a5b7",
              "isHook": false,
              "skipped": false
            },
            {
              "title": "Cenário: Deve ser capaz de realizar o Login",
              "fullTitle": "Caso de Teste: Realizar o login Cenário: Deve ser capaz de realizar o Login",
              "timedOut": null,
              "duration": 1782,
              "state": "passed",
              "speed": "slow",
              "pass": true,
              "fail": false,
              "pending": false,
              "context": null,
              "code": "cy.visit(\"http://localhost:3000/logon\");\ncy.get('[name=\"email\"]').type(_constants.University.valid.email);\ncy.get('[name=\"password\"]').type(_constants.University.valid.password);\ncy.server();\ncy.route(\"POST\", \"**/session\").as(\"login\");\ncy.get(\".logon-form-content > .button\").click(); // Simular o click da submissão\ncy.wait(\"@login\").then(function (xhr) {\n  expect(xhr.status).be.eq(200);\n  expect(xhr.response.body).has.property(\"token\");\n});",
              "err": {},
              "uuid": "5ddfe6e3-a544-43bb-bcd4-5a7be33fbdf0",
              "parentUUID": "82d9aec5-25e8-4ef0-9533-ec7883f3a5b7",
              "isHook": false,
              "skipped": false
            },
            {
              "title": "Cenário: NÂO deve ser capaz de realizar o Login com senha inválida",
              "fullTitle": "Caso de Teste: Realizar o login Cenário: NÂO deve ser capaz de realizar o Login com senha inválida",
              "timedOut": null,
              "duration": 1258,
              "state": "passed",
              "speed": "slow",
              "pass": true,
              "fail": false,
              "pending": false,
              "context": null,
              "code": "cy.visit(\"http://localhost:3000/logon\");\ncy.get('[name=\"email\"]').type(_constants.University.valid.email);\ncy.get('[name=\"password\"]').type(_constants.University.invalid.password);\ncy.server();\ncy.route(\"POST\", \"**/session\").as(\"login\");\ncy.get(\".logon-form-content > .button\").click(); // Simular o click da submissão \ncy.wait(\"@login\").then(function (xhr) {\n  expect(xhr.status).be.eq(400);\n  expect(xhr.response.body.message).be.eq(\"Senha incorreta\");\n});",
              "err": {},
              "uuid": "40031f1c-8299-4942-83b0-95086424e1ab",
              "parentUUID": "82d9aec5-25e8-4ef0-9533-ec7883f3a5b7",
              "isHook": false,
              "skipped": false
            },
            {
              "title": "Cenário: NÂO deve ser capaz de realizar o Login com conta inexistente",
              "fullTitle": "Caso de Teste: Realizar o login Cenário: NÂO deve ser capaz de realizar o Login com conta inexistente",
              "timedOut": null,
              "duration": 1185,
              "state": "passed",
              "speed": "slow",
              "pass": true,
              "fail": false,
              "pending": false,
              "context": null,
              "code": "cy.visit(\"http://localhost:3000/logon\");\ncy.get('[name=\"email\"]').type(\"teste@teste.br\");\ncy.get('[name=\"password\"]').type(_constants.University.invalid.password);\ncy.server();\ncy.route(\"POST\", \"**/session\").as(\"login\");\ncy.get(\".logon-form-content > .button\").click(); // Simular o click da submissão \ncy.wait(\"@login\").then(function (xhr) {\n  expect(xhr.status).be.eq(400);\n  expect(xhr.response.body.message).be.eq(\"Email não cadastrado\");\n});",
              "err": {},
              "uuid": "7c1809ef-38e3-4b1f-a57c-397f9e6e1daa",
              "parentUUID": "82d9aec5-25e8-4ef0-9533-ec7883f3a5b7",
              "isHook": false,
              "skipped": false
            },
            {
              "title": "Cenário: NÂO deve ser capaz de realizar o Login com email incorreto",
              "fullTitle": "Caso de Teste: Realizar o login Cenário: NÂO deve ser capaz de realizar o Login com email incorreto",
              "timedOut": null,
              "duration": 1468,
              "state": "passed",
              "speed": "slow",
              "pass": true,
              "fail": false,
              "pending": false,
              "context": null,
              "code": "cy.visit(\"http://localhost:3000/logon\");\ncy.get('[name=\"email\"]').type(_constants.University.invalid.email);\ncy.get('[name=\"password\"]').type(_constants.University.valid.password);\ncy.get(\".logon-form-content > .button\").click(); // Simular o click da submissão\ncy.get('.form-error').should(\"contain.text\", \"Deve ser um formato válido\");",
              "err": {},
              "uuid": "a5cf57bd-8699-4d88-88fc-64ab0d4e7361",
              "parentUUID": "82d9aec5-25e8-4ef0-9533-ec7883f3a5b7",
              "isHook": false,
              "skipped": false
            }
          ],
          "suites": [],
          "passes": [
            "e8905abe-933b-42bb-9f7b-e24e7c5f37fc",
            "5ddfe6e3-a544-43bb-bcd4-5a7be33fbdf0",
            "40031f1c-8299-4942-83b0-95086424e1ab",
            "7c1809ef-38e3-4b1f-a57c-397f9e6e1daa",
            "a5cf57bd-8699-4d88-88fc-64ab0d4e7361"
          ],
          "failures": [],
          "pending": [],
          "skipped": [],
          "duration": 8841,
          "root": false,
          "rootEmpty": false,
          "_timeout": 2000
        }
      ],
      "passes": [],
      "failures": [],
      "pending": [],
      "skipped": [],
      "duration": 0,
      "root": true,
      "rootEmpty": true,
      "_timeout": 2000
    },
    {
      "uuid": "49e37a04-26d0-437c-ac81-072b8dd5b806",
      "title": "",
      "fullFile": "cypress\\integration\\University\\UniversityCreate.spec.js",
      "file": "cypress\\integration\\University\\UniversityCreate.spec.js",
      "beforeHooks": [],
      "afterHooks": [],
      "tests": [],
      "suites": [
        {
          "uuid": "9aa345c8-99de-4d63-81d9-73da63811e89",
          "title": "Caso de Teste: Criar universidade",
          "fullFile": "",
          "file": "",
          "beforeHooks": [],
          "afterHooks": [],
          "tests": [
            {
              "title": "Cenário: Entrar no site",
              "fullTitle": "Caso de Teste: Criar universidade Cenário: Entrar no site",
              "timedOut": null,
              "duration": 2875,
              "state": "passed",
              "speed": "slow",
              "pass": true,
              "fail": false,
              "pending": false,
              "context": null,
              "code": "cy.visit(\"http://localhost:3000/register\");\ncy.get(\"h1\").should(\"contain.text\", \"Cadastre sua Universidade\");",
              "err": {},
              "uuid": "81598052-afc1-4fd8-86cc-88387a6be6d2",
              "parentUUID": "9aa345c8-99de-4d63-81d9-73da63811e89",
              "isHook": false,
              "skipped": false
            },
            {
              "title": "Cenário: Deve cadastrar",
              "fullTitle": "Caso de Teste: Criar universidade Cenário: Deve cadastrar",
              "timedOut": null,
              "duration": 6537,
              "state": "passed",
              "speed": "slow",
              "pass": true,
              "fail": false,
              "pending": false,
              "context": null,
              "code": "cy.visit(\"http://localhost:3000/register\");\ncy.get(\".ies\").type(_constants.University.valid.ies);\ncy.get(\".email\").type(_constants.University.valid.email);\ncy.get(\".password\").type(_constants.University.valid.password);\ncy.get(\".confirmPassword\").type(_constants.University.valid.password);\ncy.get(\".city\").type(_constants.University.valid.city);\ncy.get(\".telephone\").type(_constants.University.valid.telephone);\ncy.get(\".address\").type(_constants.University.valid.address);\ncy.get(\".UF\").type(_constants.University.valid.uf);\ncy.get(\".site\").type(_constants.University.valid.site);\ncy.get(\".select-category\").select(_constants.University.valid.category);\ncy.server();\ncy.route(\"POST\", \"**/university\").as(\"createUniversity\");\ncy.get(\".university-form > .button\").click(); // Simular o click da submissão\ncy.wait(\"@createUniversity\").then(function (xhr) {\n  expect(xhr.status).be.eq(204);\n});",
              "err": {},
              "uuid": "c1374608-4fbf-4caf-aca9-bb1056daed9e",
              "parentUUID": "9aa345c8-99de-4d63-81d9-73da63811e89",
              "isHook": false,
              "skipped": false
            },
            {
              "title": "Cenário: NÂO deve cadastrar se o email for inválido",
              "fullTitle": "Caso de Teste: Criar universidade Cenário: NÂO deve cadastrar se o email for inválido",
              "timedOut": null,
              "duration": 5139,
              "state": "passed",
              "speed": "slow",
              "pass": true,
              "fail": false,
              "pending": false,
              "context": null,
              "code": "cy.visit(\"http://localhost:3000/register\");\ncy.get(\".ies\").type(_constants.University.valid.ies);\ncy.get(\".email\").type(_constants.University.invalid.email);\ncy.get(\".password\").type(_constants.University.valid.password);\ncy.get(\".confirmPassword\").type(_constants.University.valid.password);\ncy.get(\".city\").type(_constants.University.valid.city);\ncy.get(\".telephone\").type(_constants.University.valid.telephone);\ncy.get(\".address\").type(_constants.University.valid.address);\ncy.get(\".UF\").type(_constants.University.valid.uf);\ncy.get(\".site\").type(_constants.University.valid.site);\ncy.get(\".select-category\").select(_constants.University.valid.category);\ncy.get(\".university-form > .button\").click(); // Simular o click da submissão\ncy.get(\".error-email\").should(\"contain.text\", \"Deve ser um formato válido\");",
              "err": {},
              "uuid": "06108a41-e0f9-4a2f-8edb-24332bc2bdb5",
              "parentUUID": "9aa345c8-99de-4d63-81d9-73da63811e89",
              "isHook": false,
              "skipped": false
            },
            {
              "title": "Cenário: NÂO deve cadastrar se o telefone for inválido",
              "fullTitle": "Caso de Teste: Criar universidade Cenário: NÂO deve cadastrar se o telefone for inválido",
              "timedOut": null,
              "duration": 6919,
              "state": "passed",
              "speed": "slow",
              "pass": true,
              "fail": false,
              "pending": false,
              "context": null,
              "code": "cy.visit(\"http://localhost:3000/register\");\ncy.get(\".ies\").type(_constants.University.valid.ies);\ncy.get(\".email\").type(_constants.University.valid.email);\ncy.get(\".password\").type(_constants.University.valid.password);\ncy.get(\".confirmPassword\").type(_constants.University.valid.password);\ncy.get(\".city\").type(_constants.University.valid.city);\ncy.get(\".telephone\").type(_constants.University.invalid.telephone);\ncy.get(\".address\").type(_constants.University.valid.address);\ncy.get(\".UF\").type(_constants.University.valid.uf);\ncy.get(\".site\").type(_constants.University.valid.site);\ncy.get(\".select-category\").select(_constants.University.valid.category);\ncy.get(\".university-form > .button\").click(); // Simular o click da submissão\ncy.get(\".error-telephone\").should(\"contain.text\", \"Insira um número de telefone válido\");",
              "err": {},
              "uuid": "b7b993fb-6adb-41c5-8c07-f92ba51b2b2d",
              "parentUUID": "9aa345c8-99de-4d63-81d9-73da63811e89",
              "isHook": false,
              "skipped": false
            },
            {
              "title": "Cenário: NÂO deve cadastrar se o UF for inválido",
              "fullTitle": "Caso de Teste: Criar universidade Cenário: NÂO deve cadastrar se o UF for inválido",
              "timedOut": null,
              "duration": 5340,
              "state": "passed",
              "speed": "slow",
              "pass": true,
              "fail": false,
              "pending": false,
              "context": null,
              "code": "cy.visit(\"http://localhost:3000/register\");\ncy.get(\".ies\").type(_constants.University.valid.ies);\ncy.get(\".email\").type(_constants.University.valid.email);\ncy.get(\".password\").type(_constants.University.valid.password);\ncy.get(\".confirmPassword\").type(_constants.University.valid.password);\ncy.get(\".city\").type(_constants.University.valid.city);\ncy.get(\".telephone\").type(_constants.University.valid.telephone);\ncy.get(\".address\").type(_constants.University.valid.address);\ncy.get(\".UF\").type(_constants.University.invalid.uf);\ncy.get(\".site\").type(_constants.University.valid.site);\ncy.get(\".select-category\").select(_constants.University.valid.category);\ncy.get(\".university-form > .button\").click(); // Simular o click da submissão\ncy.get(\".error-uf\").should(\"contain.text\", \"Apenas letras maiúsculas\");",
              "err": {},
              "uuid": "5da968ff-db81-42e0-bf13-a726c8f727a8",
              "parentUUID": "9aa345c8-99de-4d63-81d9-73da63811e89",
              "isHook": false,
              "skipped": false
            },
            {
              "title": "Cenário: NÂO deve cadastrar se a categoria for inválido",
              "fullTitle": "Caso de Teste: Criar universidade Cenário: NÂO deve cadastrar se a categoria for inválido",
              "timedOut": null,
              "duration": 4958,
              "state": "passed",
              "speed": "slow",
              "pass": true,
              "fail": false,
              "pending": false,
              "context": null,
              "code": "cy.visit(\"http://localhost:3000/register\");\ncy.get(\".ies\").type(_constants.University.valid.ies);\ncy.get(\".email\").type(_constants.University.valid.email);\ncy.get(\".password\").type(_constants.University.valid.password);\ncy.get(\".confirmPassword\").type(_constants.University.valid.password);\ncy.get(\".city\").type(_constants.University.valid.city);\ncy.get(\".telephone\").type(_constants.University.valid.telephone);\ncy.get(\".address\").type(_constants.University.valid.address);\ncy.get(\".UF\").type(_constants.University.valid.uf);\ncy.get(\".site\").type(_constants.University.valid.site);\ncy.get(\".select-category\").select(_constants.University.invalid.category);\ncy.get(\".university-form > .button\").click(); // Simular o click da submissão\ncy.get(\".error-category\").should(\"contain.text\", \"Uma categoria deve ser escolhida\");",
              "err": {},
              "uuid": "c5e27802-c4c2-477d-92ec-41109bfd71b9",
              "parentUUID": "9aa345c8-99de-4d63-81d9-73da63811e89",
              "isHook": false,
              "skipped": false
            },
            {
              "title": "Cenário: NÂO deve cadastrar se as senhas não baterem",
              "fullTitle": "Caso de Teste: Criar universidade Cenário: NÂO deve cadastrar se as senhas não baterem",
              "timedOut": null,
              "duration": 5233,
              "state": "passed",
              "speed": "slow",
              "pass": true,
              "fail": false,
              "pending": false,
              "context": null,
              "code": "cy.visit(\"http://localhost:3000/register\");\ncy.get(\".ies\").type(_constants.University.valid.ies);\ncy.get(\".email\").type(_constants.University.valid.email);\ncy.get(\".password\").type(_constants.University.valid.password);\ncy.get(\".confirmPassword\").type(_constants.University.invalid.password);\ncy.get(\".city\").type(_constants.University.valid.city);\ncy.get(\".telephone\").type(_constants.University.valid.telephone);\ncy.get(\".address\").type(_constants.University.valid.address);\ncy.get(\".UF\").type(_constants.University.valid.uf);\ncy.get(\".site\").type(_constants.University.valid.site);\ncy.get(\".select-category\").select(_constants.University.valid.category);\ncy.get(\".university-form > .button\").click(); // Simular o click da submissão\ncy.get(\".error-confirmPassword\").should(\"contain.text\", \"As senhas não coincidem\");",
              "err": {},
              "uuid": "dec7e255-d994-4fa4-a599-9c572d5b9afd",
              "parentUUID": "9aa345c8-99de-4d63-81d9-73da63811e89",
              "isHook": false,
              "skipped": false
            }
          ],
          "suites": [],
          "passes": [
            "81598052-afc1-4fd8-86cc-88387a6be6d2",
            "c1374608-4fbf-4caf-aca9-bb1056daed9e",
            "06108a41-e0f9-4a2f-8edb-24332bc2bdb5",
            "b7b993fb-6adb-41c5-8c07-f92ba51b2b2d",
            "5da968ff-db81-42e0-bf13-a726c8f727a8",
            "c5e27802-c4c2-477d-92ec-41109bfd71b9",
            "dec7e255-d994-4fa4-a599-9c572d5b9afd"
          ],
          "failures": [],
          "pending": [],
          "skipped": [],
          "duration": 37001,
          "root": false,
          "rootEmpty": false,
          "_timeout": 2000
        }
      ],
      "passes": [],
      "failures": [],
      "pending": [],
      "skipped": [],
      "duration": 0,
      "root": true,
      "rootEmpty": true,
      "_timeout": 2000
    }
  ],
  "meta": {
    "mocha": {
      "version": "7.0.1"
    },
    "mochawesome": {
      "options": {
        "quiet": false,
        "reportFilename": "mochawesome",
        "saveHtml": false,
        "saveJson": true,
        "consoleReporter": "spec",
        "useInlineDiffs": false,
        "code": true
      },
      "version": "6.2.2"
    },
    "marge": {
      "options": {
        "reportDir": "cypress/reports",
        "overwrite": false,
        "html": false,
        "json": true
      },
      "version": "5.2.0"
    }
  }
}